2019-12-13 23:21:05 10744 [Note] Plugin 'FEDERATED' is disabled.
2019-12-13 23:21:05 10744 [Note] InnoDB: The InnoDB memory heap is disabled
2019-12-13 23:21:05 10744 [Note] InnoDB: Mutexes and rw_locks use Windows interlocked functions
2019-12-13 23:21:05 10744 [Note] InnoDB: Compressed tables use zlib 1.2.3
2019-12-13 23:21:05 10744 [Note] InnoDB: Not using CPU crc32 instructions
2019-12-13 23:21:05 10744 [Note] InnoDB: Initializing buffer pool, size = 128.0M
2019-12-13 23:21:05 10744 [Note] InnoDB: Completed initialization of buffer pool
2019-12-13 23:21:06 10744 [Note] InnoDB: Highest supported file format is Barracuda.
2019-12-13 23:21:06 10744 [Note] InnoDB: The log sequence numbers 1626134 and 1626134 in ibdata files do not match the log sequence number 1626696 in the ib_logfiles!
2019-12-13 23:21:06 10744 [Note] InnoDB: Database was not shutdown normally!
2019-12-13 23:21:06 10744 [Note] InnoDB: Starting crash recovery.
2019-12-13 23:21:06 10744 [Note] InnoDB: Reading tablespace information from the .ibd files...
2019-12-13 23:21:06 10744 [Note] InnoDB: Restoring possible half-written data pages 
2019-12-13 23:21:06 10744 [Note] InnoDB: from the doublewrite buffer...
2019-12-13 23:21:06 10744 [Note] InnoDB: 128 rollback segment(s) are active.
2019-12-13 23:21:06 10744 [Note] InnoDB: Waiting for purge to start
2019-12-13 23:21:06 10744 [Note] InnoDB: 5.6.13 started; log sequence number 1626696
2019-12-13 23:21:06 10744 [Note] Server hostname (bind-address): '*'; port: 3307
2019-12-13 23:21:06 10744 [Note] IPv6 is available.
2019-12-13 23:21:06 10744 [Note]   - '::' resolves to '::';
2019-12-13 23:21:06 10744 [Note] Server socket created on IP: '::'.
2019-12-14 00:48:34 7348 [Note] Plugin 'FEDERATED' is disabled.
2019-12-14 00:48:34 7348 [Note] InnoDB: The InnoDB memory heap is disabled
2019-12-14 00:48:34 7348 [Note] InnoDB: Mutexes and rw_locks use Windows interlocked functions
2019-12-14 00:48:34 7348 [Note] InnoDB: Compressed tables use zlib 1.2.3
2019-12-14 00:48:34 7348 [Note] InnoDB: Not using CPU crc32 instructions
2019-12-14 00:48:34 7348 [Note] InnoDB: Initializing buffer pool, size = 128.0M
2019-12-14 00:48:34 7348 [Note] InnoDB: Completed initialization of buffer pool
2019-12-14 00:48:34 7348 [Note] InnoDB: Highest supported file format is Barracuda.
2019-12-14 00:48:34 7348 [Note] InnoDB: The log sequence numbers 1626134 and 1626134 in ibdata files do not match the log sequence number 1626706 in the ib_logfiles!
2019-12-14 00:48:34 7348 [Note] InnoDB: Database was not shutdown normally!
2019-12-14 00:48:34 7348 [Note] InnoDB: Starting crash recovery.
2019-12-14 00:48:34 7348 [Note] InnoDB: Reading tablespace information from the .ibd files...
2019-12-14 00:48:34 7348 [Note] InnoDB: Restoring possible half-written data pages 
2019-12-14 00:48:34 7348 [Note] InnoDB: from the doublewrite buffer...
2019-12-14 00:48:34 7348 [Note] InnoDB: 128 rollback segment(s) are active.
2019-12-14 00:48:34 7348 [Note] InnoDB: Waiting for purge to start
2019-12-14 00:48:34 7348 [Note] InnoDB: 5.6.13 started; log sequence number 1626706
2019-12-14 00:48:34 7348 [Note] Server hostname (bind-address): '*'; port: 3307
2019-12-14 00:48:34 7348 [Note] IPv6 is available.
2019-12-14 00:48:34 7348 [Note]   - '::' resolves to '::';
2019-12-14 00:48:34 7348 [Note] Server socket created on IP: '::'.
2019-12-14 02:07:01 3496 [Note] Plugin 'FEDERATED' is disabled.
2019-12-14 02:07:01 3496 [Note] InnoDB: The InnoDB memory heap is disabled
2019-12-14 02:07:01 3496 [Note] InnoDB: Mutexes and rw_locks use Windows interlocked functions
2019-12-14 02:07:01 3496 [Note] InnoDB: Compressed tables use zlib 1.2.3
2019-12-14 02:07:01 3496 [Note] InnoDB: Not using CPU crc32 instructions
2019-12-14 02:07:01 3496 [Note] InnoDB: Initializing buffer pool, size = 128.0M
2019-12-14 02:07:01 3496 [Note] InnoDB: Completed initialization of buffer pool
2019-12-14 02:07:01 3496 [Note] InnoDB: Highest supported file format is Barracuda.
2019-12-14 02:07:01 3496 [Note] InnoDB: The log sequence numbers 1626134 and 1626134 in ibdata files do not match the log sequence number 1626716 in the ib_logfiles!
2019-12-14 02:07:01 3496 [Note] InnoDB: Database was not shutdown normally!
2019-12-14 02:07:01 3496 [Note] InnoDB: Starting crash recovery.
2019-12-14 02:07:01 3496 [Note] InnoDB: Reading tablespace information from the .ibd files...
2019-12-14 02:07:01 3496 [Note] InnoDB: Restoring possible half-written data pages 
2019-12-14 02:07:01 3496 [Note] InnoDB: from the doublewrite buffer...
2019-12-14 02:07:01 3496 [Note] InnoDB: 128 rollback segment(s) are active.
2019-12-14 02:07:01 3496 [Note] InnoDB: Waiting for purge to start
2019-12-14 02:07:01 3496 [Note] InnoDB: 5.6.13 started; log sequence number 1626716
2019-12-14 02:07:01 3496 [Note] Server hostname (bind-address): '*'; port: 3307
2019-12-14 02:07:01 3496 [Note] IPv6 is available.
2019-12-14 02:07:01 3496 [Note]   - '::' resolves to '::';
2019-12-14 02:07:01 3496 [Note] Server socket created on IP: '::'.
