2014-01-07 10:47:36 6952 [Note] Plugin 'FEDERATED' is disabled.
2014-01-07 10:47:37 6952 [Note] InnoDB: The InnoDB memory heap is disabled
2014-01-07 10:47:37 6952 [Note] InnoDB: Mutexes and rw_locks use Windows interlocked functions
2014-01-07 10:47:37 6952 [Note] InnoDB: Compressed tables use zlib 1.2.3
2014-01-07 10:47:37 6952 [Note] InnoDB: Not using CPU crc32 instructions
2014-01-07 10:47:37 6952 [Note] InnoDB: Initializing buffer pool, size = 128.0M
2014-01-07 10:47:37 6952 [Note] InnoDB: Completed initialization of buffer pool
2014-01-07 10:47:37 6952 [Note] InnoDB: Highest supported file format is Barracuda.
2014-01-07 10:47:37 6952 [Note] InnoDB: The log sequence numbers 1626134 and 1626134 in ibdata files do not match the log sequence number 1626656 in the ib_logfiles!
2014-01-07 10:47:37 6952 [Note] InnoDB: Database was not shutdown normally!
2014-01-07 10:47:37 6952 [Note] InnoDB: Starting crash recovery.
2014-01-07 10:47:37 6952 [Note] InnoDB: Reading tablespace information from the .ibd files...
2014-01-07 10:47:37 6952 [Note] InnoDB: Restoring possible half-written data pages 
2014-01-07 10:47:37 6952 [Note] InnoDB: from the doublewrite buffer...
2014-01-07 10:47:39 6952 [Note] InnoDB: 128 rollback segment(s) are active.
2014-01-07 10:47:39 6952 [Note] InnoDB: Waiting for purge to start
2014-01-07 10:47:39 6952 [Note] InnoDB: 5.6.13 started; log sequence number 1626656
2014-01-07 10:47:39 6952 [Note] Server hostname (bind-address): '*'; port: 3307
2014-01-07 10:47:39 6952 [Note] IPv6 is available.
2014-01-07 10:47:39 6952 [Note]   - '::' resolves to '::';
2014-01-07 10:47:39 6952 [Note] Server socket created on IP: '::'.
2014-01-07 10:47:40 6952 [Note] Event Scheduler: Loaded 0 events
2014-01-07 10:47:40 6952 [Note] L:\Winter 2014\CIS 295\Tools\USBWebserver v8.6 Customized/mysql/bin/mysqld_usbwv8.exe: ready for connections.
Version: '5.6.13'  socket: ''  port: 3307  MySQL Community Server (GPL)
2014-01-07 11:25:05 7860 [Note] Plugin 'FEDERATED' is disabled.
2014-01-07 11:25:05 7860 [Note] InnoDB: The InnoDB memory heap is disabled
2014-01-07 11:25:05 7860 [Note] InnoDB: Mutexes and rw_locks use Windows interlocked functions
2014-01-07 11:25:05 7860 [Note] InnoDB: Compressed tables use zlib 1.2.3
2014-01-07 11:25:05 7860 [Note] InnoDB: Not using CPU crc32 instructions
2014-01-07 11:25:05 7860 [Note] InnoDB: Initializing buffer pool, size = 128.0M
2014-01-07 11:25:05 7860 [Note] InnoDB: Completed initialization of buffer pool
2014-01-07 11:25:05 7860 [Note] InnoDB: Highest supported file format is Barracuda.
2014-01-07 11:25:05 7860 [Note] InnoDB: The log sequence numbers 1626134 and 1626134 in ibdata files do not match the log sequence number 1626666 in the ib_logfiles!
2014-01-07 11:25:05 7860 [Note] InnoDB: Database was not shutdown normally!
2014-01-07 11:25:06 7860 [Note] InnoDB: Starting crash recovery.
2014-01-07 11:25:06 7860 [Note] InnoDB: Reading tablespace information from the .ibd files...
2014-01-07 11:25:06 7860 [Note] InnoDB: Restoring possible half-written data pages 
2014-01-07 11:25:06 7860 [Note] InnoDB: from the doublewrite buffer...
2014-01-07 11:25:06 7860 [Note] InnoDB: 128 rollback segment(s) are active.
2014-01-07 11:25:06 7860 [Note] InnoDB: Waiting for purge to start
2014-01-07 11:25:06 7860 [Note] InnoDB: 5.6.13 started; log sequence number 1626666
2014-01-07 11:25:06 7860 [Note] Server hostname (bind-address): '*'; port: 3307
2014-01-07 11:25:06 7860 [Note] IPv6 is available.
2014-01-07 11:25:06 7860 [Note]   - '::' resolves to '::';
2014-01-07 11:25:06 7860 [Note] Server socket created on IP: '::'.
2014-01-07 11:25:07 7860 [Note] Event Scheduler: Loaded 0 events
2014-01-07 11:25:07 7860 [Note] L:\Winter 2014\CIS 295\Tools\USBWebserver v8.6 Customized/mysql/bin/mysqld_usbwv8.exe: ready for connections.
Version: '5.6.13'  socket: ''  port: 3307  MySQL Community Server (GPL)
2014-01-07 11:25:30 6160 [Note] Plugin 'FEDERATED' is disabled.
2014-01-07 11:25:30 6160 [Note] InnoDB: The InnoDB memory heap is disabled
2014-01-07 11:25:30 6160 [Note] InnoDB: Mutexes and rw_locks use Windows interlocked functions
2014-01-07 11:25:30 6160 [Note] InnoDB: Compressed tables use zlib 1.2.3
2014-01-07 11:25:30 6160 [Note] InnoDB: Not using CPU crc32 instructions
2014-01-07 11:25:30 6160 [Note] InnoDB: Initializing buffer pool, size = 128.0M
2014-01-07 11:25:30 6160 [Note] InnoDB: Completed initialization of buffer pool
2014-01-07 11:25:30 6160 [Note] InnoDB: Highest supported file format is Barracuda.
2014-01-07 11:25:30 6160 [Note] InnoDB: Log scan progressed past the checkpoint lsn 1626666
2014-01-07 11:25:30 6160 [Note] InnoDB: Database was not shutdown normally!
2014-01-07 11:25:30 6160 [Note] InnoDB: Starting crash recovery.
2014-01-07 11:25:30 6160 [Note] InnoDB: Reading tablespace information from the .ibd files...
2014-01-07 11:25:30 6160 [Note] InnoDB: Restoring possible half-written data pages 
2014-01-07 11:25:30 6160 [Note] InnoDB: from the doublewrite buffer...
InnoDB: Doing recovery: scanned up to log sequence number 1626676
2014-01-07 11:25:30 6160 [Note] InnoDB: 128 rollback segment(s) are active.
2014-01-07 11:25:30 6160 [Note] InnoDB: Waiting for purge to start
2014-01-07 11:25:30 6160 [Note] InnoDB: 5.6.13 started; log sequence number 1626676
2014-01-07 11:25:30 6160 [Note] Server hostname (bind-address): '*'; port: 3307
2014-01-07 11:25:31 6160 [Note] IPv6 is available.
2014-01-07 11:25:31 6160 [Note]   - '::' resolves to '::';
2014-01-07 11:25:31 6160 [Note] Server socket created on IP: '::'.
2014-01-07 11:25:31 6160 [Note] Event Scheduler: Loaded 0 events
2014-01-07 11:25:31 6160 [Note] L:\Winter 2014\CIS 295\Tools\USBWebserver v8.6 Customized/mysql/bin/mysqld_usbwv8.exe: ready for connections.
Version: '5.6.13'  socket: ''  port: 3307  MySQL Community Server (GPL)
