2013-12-29 22:59:25 5320 [Note] Plugin 'FEDERATED' is disabled.
2013-12-29 22:59:26 5320 [Note] InnoDB: The InnoDB memory heap is disabled
2013-12-29 22:59:26 5320 [Note] InnoDB: Mutexes and rw_locks use Windows interlocked functions
2013-12-29 22:59:26 5320 [Note] InnoDB: Compressed tables use zlib 1.2.3
2013-12-29 22:59:26 5320 [Note] InnoDB: Not using CPU crc32 instructions
2013-12-29 22:59:26 5320 [Note] InnoDB: Initializing buffer pool, size = 128.0M
2013-12-29 22:59:26 5320 [Note] InnoDB: Completed initialization of buffer pool
2013-12-29 22:59:26 5320 [Note] InnoDB: Setting log file G:\Winter 2014\295\Tools\USBWebserver v8.6\mysql\data\ib_logfile101 size to 5 MB
2013-12-29 22:59:27 5320 [Note] InnoDB: Setting log file G:\Winter 2014\295\Tools\USBWebserver v8.6\mysql\data\ib_logfile1 size to 5 MB
2013-12-29 22:59:28 5320 [Note] InnoDB: Renaming log file G:\Winter 2014\295\Tools\USBWebserver v8.6\mysql\data\ib_logfile101 to G:\Winter 2014\295\Tools\USBWebserver v8.6\mysql\data\ib_logfile0
2013-12-29 22:59:28 5320 [Warning] InnoDB: New log files created, LSN=1626134
2013-12-29 22:59:28 5320 [Note] InnoDB: Highest supported file format is Barracuda.
2013-12-29 22:59:29 5320 [Note] InnoDB: 128 rollback segment(s) are active.
2013-12-29 22:59:29 5320 [Note] InnoDB: Waiting for purge to start
2013-12-29 22:59:29 5320 [Note] InnoDB: 5.6.13 started; log sequence number 1626636
2013-12-29 22:59:29 5320 [Warning] No existing UUID has been found, so we assume that this is the first time that this server has been started. Generating a new UUID: ed6927f5-711f-11e3-a486-7070df10af41.
2013-12-29 22:59:29 5320 [Note] Server hostname (bind-address): '*'; port: 3307
2013-12-29 22:59:29 5320 [Note] IPv6 is available.
2013-12-29 22:59:29 5320 [Note]   - '::' resolves to '::';
2013-12-29 22:59:29 5320 [Note] Server socket created on IP: '::'.
2013-12-29 23:02:14 4836 [Note] Plugin 'FEDERATED' is disabled.
2013-12-29 23:02:14 4836 [Note] InnoDB: The InnoDB memory heap is disabled
2013-12-29 23:02:14 4836 [Note] InnoDB: Mutexes and rw_locks use Windows interlocked functions
2013-12-29 23:02:14 4836 [Note] InnoDB: Compressed tables use zlib 1.2.3
2013-12-29 23:02:14 4836 [Note] InnoDB: Not using CPU crc32 instructions
2013-12-29 23:02:14 4836 [Note] InnoDB: Initializing buffer pool, size = 128.0M
2013-12-29 23:02:14 4836 [Note] InnoDB: Completed initialization of buffer pool
2013-12-29 23:02:14 4836 [Note] InnoDB: Highest supported file format is Barracuda.
2013-12-29 23:02:14 4836 [Note] InnoDB: The log sequence numbers 1626134 and 1626134 in ibdata files do not match the log sequence number 1626646 in the ib_logfiles!
2013-12-29 23:02:14 4836 [Note] InnoDB: Database was not shutdown normally!
2013-12-29 23:02:14 4836 [Note] InnoDB: Starting crash recovery.
2013-12-29 23:02:14 4836 [Note] InnoDB: Reading tablespace information from the .ibd files...
2013-12-29 23:02:14 4836 [Note] InnoDB: Restoring possible half-written data pages 
2013-12-29 23:02:14 4836 [Note] InnoDB: from the doublewrite buffer...
2013-12-29 23:02:14 4836 [Note] InnoDB: 128 rollback segment(s) are active.
2013-12-29 23:02:14 4836 [Note] InnoDB: Waiting for purge to start
2013-12-29 23:02:14 4836 [Note] InnoDB: 5.6.13 started; log sequence number 1626646
2013-12-29 23:02:14 4836 [Note] Server hostname (bind-address): '*'; port: 3307
2013-12-29 23:02:14 4836 [Note] IPv6 is available.
2013-12-29 23:02:14 4836 [Note]   - '::' resolves to '::';
2013-12-29 23:02:14 4836 [Note] Server socket created on IP: '::'.
2014-12-28 19:49:09 10888 [Note] Plugin 'FEDERATED' is disabled.
2014-12-28 19:49:09 10888 [Note] InnoDB: The InnoDB memory heap is disabled
2014-12-28 19:49:09 10888 [Note] InnoDB: Mutexes and rw_locks use Windows interlocked functions
2014-12-28 19:49:09 10888 [Note] InnoDB: Compressed tables use zlib 1.2.3
2014-12-28 19:49:09 10888 [Note] InnoDB: Not using CPU crc32 instructions
2014-12-28 19:49:09 10888 [Note] InnoDB: Initializing buffer pool, size = 128.0M
2014-12-28 19:49:09 10888 [Note] InnoDB: Completed initialization of buffer pool
2014-12-28 19:49:09 10888 [Note] InnoDB: Highest supported file format is Barracuda.
2014-12-28 19:49:09 10888 [Note] InnoDB: The log sequence numbers 1626134 and 1626134 in ibdata files do not match the log sequence number 1626686 in the ib_logfiles!
2014-12-28 19:49:09 10888 [Note] InnoDB: Database was not shutdown normally!
2014-12-28 19:49:09 10888 [Note] InnoDB: Starting crash recovery.
2014-12-28 19:49:09 10888 [Note] InnoDB: Reading tablespace information from the .ibd files...
2014-12-28 19:49:09 10888 [Note] InnoDB: Restoring possible half-written data pages 
2014-12-28 19:49:09 10888 [Note] InnoDB: from the doublewrite buffer...
2014-12-28 19:49:09 10888 [Note] InnoDB: 128 rollback segment(s) are active.
2014-12-28 19:49:09 10888 [Note] InnoDB: Waiting for purge to start
2014-12-28 19:49:10 10888 [Note] InnoDB: 5.6.13 started; log sequence number 1626686
2014-12-28 19:49:10 10888 [Note] Server hostname (bind-address): '*'; port: 3307
2014-12-28 19:49:10 10888 [Note] IPv6 is available.
2014-12-28 19:49:10 10888 [Note]   - '::' resolves to '::';
2014-12-28 19:49:10 10888 [Note] Server socket created on IP: '::'.
2014-12-28 19:49:10 10888 [Note] Event Scheduler: Loaded 0 events
2014-12-28 19:49:10 10888 [Note] H:\Winter 2014\CIS 295\Tools\USBWebserver v8.6 Customized V2\USBWebserver v8.6 Customized/mysql/bin/mysqld_usbwv8.exe: ready for connections.
Version: '5.6.13'  socket: ''  port: 3307  MySQL Community Server (GPL)
